<?xml version="1.0" encoding="UTF-8"?>
<testng-results ignored="0" total="1" passed="1" failed="0" skipped="0">
  <reporter-output>
  </reporter-output>
  <suite started-at="2022-06-01T09:21:20 IST" name="Default suite" finished-at="2022-06-01T09:21:38 IST" duration-ms="17613">
    <groups>
    </groups>
    <test started-at="2022-06-01T09:21:20 IST" name="Default test" finished-at="2022-06-01T09:21:38 IST" duration-ms="17613">
      <class name="GaadiBazzar.SearchByBudget">
        <test-method signature="searchGaadiBybudget()[pri:0, instance:GaadiBazzar.SearchByBudget@130161f7]" started-at="2022-06-01T09:21:20 IST" name="searchGaadiBybudget" finished-at="2022-06-01T09:21:38 IST" duration-ms="17466" status="PASS">
          <reporter-output>
          </reporter-output>
        </test-method> <!-- searchGaadiBybudget -->
      </class> <!-- GaadiBazzar.SearchByBudget -->
    </test> <!-- Default test -->
  </suite> <!-- Default suite -->
</testng-results>
